<?xml version="1.0" encoding="UTF-8"?>
<!-- Generated by org.testng.reporters.JUnitXMLReporter -->
<testsuite hostname="AjeetYadav" ignored="0" name="Default test" tests="3" failures="0" timestamp="04 Nov 2018 07:26:01 GMT" time="0.155" errors="0">
  <testcase name="doLogin" time="0.026" classname="day4.testparameter"/>
  <testcase name="doLogin" time="0.005" classname="day4.testparameter"/>
  <testcase name="doLogin" time="0.01" classname="day4.testparameter"/>
</testsuite> <!-- Default test -->
