<?xml version="1.0" encoding="UTF-8"?>
<!-- Generated by org.testng.reporters.JUnitXMLReporter -->
<testsuite hostname="AjeetYadav" ignored="0" name="Test" tests="6" failures="0" timestamp="08 Oct 2018 16:01:25 GMT" time="0.803" errors="0">
  <testcase name="@BeforeTest launchbrowser" time="0.292" classname="day4.learntestng">
    <failure type="java.lang.IllegalStateException" message="The driver executable does not exist: C:\Users\ajit\Documents\Selenium Drivers\chromedriver.exe">
      <![CDATA[java.lang.IllegalStateException: The driver executable does not exist: C:\Users\ajit\Documents\Selenium Drivers\chromedriver.exe
at com.google.common.base.Preconditions.checkState(Preconditions.java:585)
at org.openqa.selenium.remote.service.DriverService.checkExecutable(DriverService.java:137)
at org.openqa.selenium.remote.service.DriverService.findExecutable(DriverService.java:132)
at org.openqa.selenium.chrome.ChromeDriverService.access$000(ChromeDriverService.java:35)
at org.openqa.selenium.chrome.ChromeDriverService$Builder.findDefaultExecutable(ChromeDriverService.java:156)
at org.openqa.selenium.remote.service.DriverService$Builder.build(DriverService.java:346)
at org.openqa.selenium.chrome.ChromeDriverService.createDefaultService(ChromeDriverService.java:91)
at org.openqa.selenium.chrome.ChromeDriver.<init>(ChromeDriver.java:123)
at day4.learntestng.launchbrowser(learntestng.java:18)
... Removed 24 stack frames]]>
    </failure>
  </testcase> <!-- @BeforeTest launchbrowser -->
  <testcase name="@BeforeTest connecttoDB" time="0.0" classname="day4.testngimplementations">
    <skipped/>
  </testcase> <!-- @BeforeTest connecttoDB -->
  <testcase name="@BeforeMethod launchbrowser" time="0.0" classname="day4.testngimplementations">
    <skipped/>
  </testcase> <!-- @BeforeMethod launchbrowser -->
  <testcase name="@AfterMethod closebrowser" time="0.0" classname="day4.testngimplementations">
    <skipped/>
  </testcase> <!-- @AfterMethod closebrowser -->
  <testcase name="@BeforeMethod launchbrowser" time="0.0" classname="day4.testngimplementations">
    <skipped/>
  </testcase> <!-- @BeforeMethod launchbrowser -->
  <testcase name="@AfterMethod closebrowser" time="0.0" classname="day4.testngimplementations">
    <skipped/>
  </testcase> <!-- @AfterMethod closebrowser -->
  <testcase name="@AfterTest disconDB" time="0.0" classname="day4.learntestng">
    <skipped/>
  </testcase> <!-- @AfterTest disconDB -->
  <testcase name="@AfterTest disconnecttoDB" time="0.0" classname="day4.testngimplementations">
    <skipped/>
  </testcase> <!-- @AfterTest disconnecttoDB -->
  <testcase name="titleVerify" time="0.0" classname="day4.learntestng">
    <skipped/>
  </testcase> <!-- titleVerify -->
  <testcase name="userReg" time="0.0" classname="day4.testngimplementations">
    <skipped/>
  </testcase> <!-- userReg -->
  <testcase name="doLogin" time="0.0" classname="day4.learntestng">
    <skipped/>
  </testcase> <!-- doLogin -->
  <testcase name="doLogin" time="0.0" classname="day4.testngimplementations">
    <skipped/>
  </testcase> <!-- doLogin -->
  <testcase name="product" time="0.0" classname="day4.product">
    <skipped/>
  </testcase> <!-- product -->
  <testcase name="productquant" time="0.0" classname="day4.product">
    <skipped/>
  </testcase> <!-- productquant -->
</testsuite> <!-- Test -->
