<?xml version="1.0" encoding="UTF-8"?>
<!-- Generated by org.testng.reporters.JUnitXMLReporter -->
<testsuite hostname="AjeetYadav" ignored="0" name="Test" tests="0" failures="0" timestamp="05 Nov 2018 16:41:05 GMT" time="0.61" errors="0">
  <testcase name="@BeforeTest launchbrowser" time="0.4" classname="testngPart1.learntestng">
    <failure type="java.lang.IllegalStateException" message="The driver executable does not exist: C:\Users\ajit\Documents\Selenium Drivers\chromedriver.exe">
      <![CDATA[java.lang.IllegalStateException: The driver executable does not exist: C:\Users\ajit\Documents\Selenium Drivers\chromedriver.exe
at com.google.common.base.Preconditions.checkState(Preconditions.java:585)
at org.openqa.selenium.remote.service.DriverService.checkExecutable(DriverService.java:137)
at org.openqa.selenium.remote.service.DriverService.findExecutable(DriverService.java:132)
at org.openqa.selenium.chrome.ChromeDriverService.access$000(ChromeDriverService.java:35)
at org.openqa.selenium.chrome.ChromeDriverService$Builder.findDefaultExecutable(ChromeDriverService.java:156)
at org.openqa.selenium.remote.service.DriverService$Builder.build(DriverService.java:346)
at org.openqa.selenium.chrome.ChromeDriverService.createDefaultService(ChromeDriverService.java:91)
at org.openqa.selenium.chrome.ChromeDriver.<init>(ChromeDriver.java:123)
at testngPart1.learntestng.launchbrowser(learntestng.java:17)
... Removed 24 stack frames]]>
    </failure>
  </testcase> <!-- @BeforeTest launchbrowser -->
  <testcase name="@BeforeTest DBConn" time="0.0" classname="testngPart1.myfirstTestNG">
    <skipped/>
  </testcase> <!-- @BeforeTest DBConn -->
  <testcase name="@BeforeTest connecttoDB" time="0.0" classname="testngPart1.testngimplementations">
    <skipped/>
  </testcase> <!-- @BeforeTest connecttoDB -->
  <testcase name="@BeforeTest envSetUp" time="0.0" classname="testngPart2.testwithPriority">
    <skipped/>
  </testcase> <!-- @BeforeTest envSetUp -->
  <testcase name="@AfterTest disconDB" time="0.0" classname="testngPart1.learntestng">
    <skipped/>
  </testcase> <!-- @AfterTest disconDB -->
  <testcase name="@AfterTest breakDB" time="0.0" classname="testngPart1.myfirstTestNG">
    <skipped/>
  </testcase> <!-- @AfterTest breakDB -->
  <testcase name="@AfterTest disconnecttoDB" time="0.0" classname="testngPart1.testngimplementations">
    <skipped/>
  </testcase> <!-- @AfterTest disconnecttoDB -->
</testsuite> <!-- Test -->
