<?xml version="1.0" encoding="UTF-8"?>
<testng-results skipped="0" failed="0" ignored="0" total="3" passed="3">
  <reporter-output>
  </reporter-output>
  <suite name="Default suite" duration-ms="219" started-at="2018-11-05T17:00:34Z" finished-at="2018-11-05T17:00:34Z">
    <groups>
    </groups>
    <test name="Default test" duration-ms="219" started-at="2018-11-05T17:00:34Z" finished-at="2018-11-05T17:00:34Z">
      <class name="simpleListners.adminPanelTest">
        <test-method status="PASS" signature="Login()[pri:0, instance:simpleListners.adminPanelTest@7a1ebcd8]" name="Login" duration-ms="32" started-at="2018-11-05T17:00:34Z" finished-at="2018-11-05T17:00:34Z">
          <reporter-output>
          </reporter-output>
        </test-method> <!-- Login -->
        <test-method status="PASS" signature="fill()[pri:0, instance:simpleListners.adminPanelTest@7a1ebcd8]" name="fill" duration-ms="7" started-at="2018-11-05T17:00:34Z" finished-at="2018-11-05T17:00:34Z">
          <reporter-output>
          </reporter-output>
        </test-method> <!-- fill -->
        <test-method status="PASS" signature="validateData()[pri:0, instance:simpleListners.adminPanelTest@7a1ebcd8]" name="validateData" duration-ms="17" started-at="2018-11-05T17:00:34Z" finished-at="2018-11-05T17:00:34Z">
          <reporter-output>
          </reporter-output>
        </test-method> <!-- validateData -->
      </class> <!-- simpleListners.adminPanelTest -->
    </test> <!-- Default test -->
  </suite> <!-- Default suite -->
</testng-results>
