<?xml version="1.0" encoding="UTF-8"?>
<testng-results skipped="0" failed="0" ignored="0" total="5" passed="5">
  <reporter-output>
  </reporter-output>
  <suite name="Default suite" duration-ms="310" started-at="2018-11-05T14:38:39Z" finished-at="2018-11-05T14:38:39Z">
    <groups>
    </groups>
    <test name="Default test" duration-ms="310" started-at="2018-11-05T14:38:39Z" finished-at="2018-11-05T14:38:39Z">
      <class name="testngPart2.testwithPriority">
        <test-method status="PASS" signature="doLogin()[pri:1, instance:testngPart2.testwithPriority@2781e022]" name="doLogin" duration-ms="52" started-at="2018-11-05T14:38:39Z" finished-at="2018-11-05T14:38:39Z">
          <reporter-output>
          </reporter-output>
        </test-method> <!-- doLogin -->
        <test-method status="PASS" signature="doProfile()[pri:2, instance:testngPart2.testwithPriority@2781e022]" name="doProfile" duration-ms="43" started-at="2018-11-05T14:38:39Z" finished-at="2018-11-05T14:38:39Z">
          <reporter-output>
          </reporter-output>
        </test-method> <!-- doProfile -->
        <test-method status="PASS" signature="billingPage()[pri:3, instance:testngPart2.testwithPriority@2781e022]" name="billingPage" duration-ms="11" started-at="2018-11-05T14:38:39Z" finished-at="2018-11-05T14:38:39Z">
          <reporter-output>
          </reporter-output>
        </test-method> <!-- billingPage -->
        <test-method status="PASS" signature="productPage()[pri:4, instance:testngPart2.testwithPriority@2781e022]" name="productPage" duration-ms="21" started-at="2018-11-05T14:38:39Z" finished-at="2018-11-05T14:38:39Z">
          <reporter-output>
          </reporter-output>
        </test-method> <!-- productPage -->
        <test-method status="PASS" signature="OrdersPage()[pri:5, instance:testngPart2.testwithPriority@2781e022]" name="OrdersPage" duration-ms="5" started-at="2018-11-05T14:38:39Z" finished-at="2018-11-05T14:38:39Z">
          <reporter-output>
          </reporter-output>
        </test-method> <!-- OrdersPage -->
      </class> <!-- testngPart2.testwithPriority -->
    </test> <!-- Default test -->
  </suite> <!-- Default suite -->
</testng-results>
